<?xml version="1.0" encoding="UTF-8"?>
<testExecutions version="1">
  <file path="C:\Users\seosal\source\repos\Koralium\new\Koralium\typescript-client\rowlevelsecurity\tests\client.test.ts">
    <testCase name="Get filter no table alias" duration="10">
      <failure message="Error: Failed: &quot;14 UNAVAILABLE: failed to connect to all addresses&quot;"><![CDATA[Error: Failed: "14 UNAVAILABLE: failed to connect to all addresses"
    at Env.it (C:\Users\seosal\source\repos\Koralium\new\Koralium\typescript-client\rowlevelsecurity\node_modules\jest-jasmine2\build\jasmineAsyncInstall.js:95:24)
    at it (C:\Users\seosal\source\repos\Koralium\new\Koralium\typescript-client\rowlevelsecurity\node_modules\jest-jasmine2\build\jasmine\jasmineLight.js:100:21)
    at Object.<anonymous> (C:\Users\seosal\source\repos\Koralium\new\Koralium\typescript-client\rowlevelsecurity\tests\client.test.ts:34:1)
    at Runtime._execModule (C:\Users\seosal\source\repos\Koralium\new\Koralium\typescript-client\rowlevelsecurity\node_modules\jest-runtime\build\index.js:1299:24)
    at Runtime._loadModule (C:\Users\seosal\source\repos\Koralium\new\Koralium\typescript-client\rowlevelsecurity\node_modules\jest-runtime\build\index.js:898:12)
    at Runtime.requireModule (C:\Users\seosal\source\repos\Koralium\new\Koralium\typescript-client\rowlevelsecurity\node_modules\jest-runtime\build\index.js:746:10)
    at jasmine2 (C:\Users\seosal\source\repos\Koralium\new\Koralium\typescript-client\rowlevelsecurity\node_modules\jest-jasmine2\build\index.js:230:13)
    at runTestInternal (C:\Users\seosal\source\repos\Koralium\new\Koralium\typescript-client\rowlevelsecurity\node_modules\jest-runner\build\runTest.js:380:22)
    at processTicksAndRejections (internal/process/task_queues.js:93:5)
    at runTest (C:\Users\seosal\source\repos\Koralium\new\Koralium\typescript-client\rowlevelsecurity\node_modules\jest-runner\build\runTest.js:472:34)]]></failure>
    </testCase>
    <testCase name="Get filter with table alias" duration="1">
      <failure message="Error: Failed: &quot;14 UNAVAILABLE: failed to connect to all addresses&quot;"><![CDATA[Error: Failed: "14 UNAVAILABLE: failed to connect to all addresses"
    at Env.it (C:\Users\seosal\source\repos\Koralium\new\Koralium\typescript-client\rowlevelsecurity\node_modules\jest-jasmine2\build\jasmineAsyncInstall.js:95:24)
    at it (C:\Users\seosal\source\repos\Koralium\new\Koralium\typescript-client\rowlevelsecurity\node_modules\jest-jasmine2\build\jasmine\jasmineLight.js:100:21)
    at Object.<anonymous> (C:\Users\seosal\source\repos\Koralium\new\Koralium\typescript-client\rowlevelsecurity\tests\client.test.ts:43:1)
    at Runtime._execModule (C:\Users\seosal\source\repos\Koralium\new\Koralium\typescript-client\rowlevelsecurity\node_modules\jest-runtime\build\index.js:1299:24)
    at Runtime._loadModule (C:\Users\seosal\source\repos\Koralium\new\Koralium\typescript-client\rowlevelsecurity\node_modules\jest-runtime\build\index.js:898:12)
    at Runtime.requireModule (C:\Users\seosal\source\repos\Koralium\new\Koralium\typescript-client\rowlevelsecurity\node_modules\jest-runtime\build\index.js:746:10)
    at jasmine2 (C:\Users\seosal\source\repos\Koralium\new\Koralium\typescript-client\rowlevelsecurity\node_modules\jest-jasmine2\build\index.js:230:13)
    at runTestInternal (C:\Users\seosal\source\repos\Koralium\new\Koralium\typescript-client\rowlevelsecurity\node_modules\jest-runner\build\runTest.js:380:22)
    at processTicksAndRejections (internal/process/task_queues.js:93:5)
    at runTest (C:\Users\seosal\source\repos\Koralium\new\Koralium\typescript-client\rowlevelsecurity\node_modules\jest-runner\build\runTest.js:472:34)]]></failure>
    </testCase>
    <testCase name="Get filter unauthorized" duration="2"/>
    <testCase name="Get cubejs filter" duration="5">
      <failure message="Error: expect(received).rejects.toMatch(expected)"><![CDATA[Error: expect(received).rejects.toMatch(expected)

Expected substring: "16 UNAUTHENTICATED: Authorization failed"
Received string:    "14 UNAVAILABLE: failed to connect to all addresses"
    at Object.toMatch (C:\Users\seosal\source\repos\Koralium\new\Koralium\typescript-client\rowlevelsecurity\node_modules\expect\build\index.js:241:20)
    at C:\Users\seosal\source\repos\Koralium\new\Koralium\typescript-client\rowlevelsecurity\tests\client.test.ts:57:21
    at Generator.next (<anonymous>)
    at C:\Users\seosal\source\repos\Koralium\new\Koralium\typescript-client\rowlevelsecurity\tests\client.test.ts:8:71
    at new Promise (<anonymous>)
    at Object.<anonymous>.__awaiter (C:\Users\seosal\source\repos\Koralium\new\Koralium\typescript-client\rowlevelsecurity\tests\client.test.ts:4:12)
    at Object.<anonymous> (C:\Users\seosal\source\repos\Koralium\new\Koralium\typescript-client\rowlevelsecurity\tests\client.test.ts:52:44)
    at Object.asyncJestTest (C:\Users\seosal\source\repos\Koralium\new\Koralium\typescript-client\rowlevelsecurity\node_modules\jest-jasmine2\build\jasmineAsyncInstall.js:106:37)
    at C:\Users\seosal\source\repos\Koralium\new\Koralium\typescript-client\rowlevelsecurity\node_modules\jest-jasmine2\build\queueRunner.js:45:12
    at new Promise (<anonymous>)]]></failure>
    </testCase>
  </file>
  <file path="C:\Users\seosal\source\repos\Koralium\new\Koralium\typescript-client\rowlevelsecurity\tests\koraliumCubeJsQueryTransformer.test.ts">
    <testCase name="Add filters to query" duration="14">
      <failure message="Error: Failed: &quot;14 UNAVAILABLE: failed to connect to all addresses&quot;"><![CDATA[Error: Failed: "14 UNAVAILABLE: failed to connect to all addresses"
    at Env.it (C:\Users\seosal\source\repos\Koralium\new\Koralium\typescript-client\rowlevelsecurity\node_modules\jest-jasmine2\build\jasmineAsyncInstall.js:95:24)
    at it (C:\Users\seosal\source\repos\Koralium\new\Koralium\typescript-client\rowlevelsecurity\node_modules\jest-jasmine2\build\jasmine\jasmineLight.js:100:21)
    at Object.<anonymous> (C:\Users\seosal\source\repos\Koralium\new\Koralium\typescript-client\rowlevelsecurity\tests\koraliumCubeJsQueryTransformer.test.ts:14:1)
    at Runtime._execModule (C:\Users\seosal\source\repos\Koralium\new\Koralium\typescript-client\rowlevelsecurity\node_modules\jest-runtime\build\index.js:1299:24)
    at Runtime._loadModule (C:\Users\seosal\source\repos\Koralium\new\Koralium\typescript-client\rowlevelsecurity\node_modules\jest-runtime\build\index.js:898:12)
    at Runtime.requireModule (C:\Users\seosal\source\repos\Koralium\new\Koralium\typescript-client\rowlevelsecurity\node_modules\jest-runtime\build\index.js:746:10)
    at jasmine2 (C:\Users\seosal\source\repos\Koralium\new\Koralium\typescript-client\rowlevelsecurity\node_modules\jest-jasmine2\build\index.js:230:13)
    at runTestInternal (C:\Users\seosal\source\repos\Koralium\new\Koralium\typescript-client\rowlevelsecurity\node_modules\jest-runner\build\runTest.js:380:22)
    at processTicksAndRejections (internal/process/task_queues.js:93:5)
    at runTest (C:\Users\seosal\source\repos\Koralium\new\Koralium\typescript-client\rowlevelsecurity\node_modules\jest-runner\build\runTest.js:472:34)]]></failure>
    </testCase>
    <testCase name="Test cache" duration="996">
      <failure message="Error: Failed: &quot;14 UNAVAILABLE: failed to connect to all addresses&quot;"><![CDATA[Error: Failed: "14 UNAVAILABLE: failed to connect to all addresses"
    at Env.it (C:\Users\seosal\source\repos\Koralium\new\Koralium\typescript-client\rowlevelsecurity\node_modules\jest-jasmine2\build\jasmineAsyncInstall.js:95:24)
    at it (C:\Users\seosal\source\repos\Koralium\new\Koralium\typescript-client\rowlevelsecurity\node_modules\jest-jasmine2\build\jasmine\jasmineLight.js:100:21)
    at Object.<anonymous> (C:\Users\seosal\source\repos\Koralium\new\Koralium\typescript-client\rowlevelsecurity\tests\koraliumCubeJsQueryTransformer.test.ts:52:1)
    at Runtime._execModule (C:\Users\seosal\source\repos\Koralium\new\Koralium\typescript-client\rowlevelsecurity\node_modules\jest-runtime\build\index.js:1299:24)
    at Runtime._loadModule (C:\Users\seosal\source\repos\Koralium\new\Koralium\typescript-client\rowlevelsecurity\node_modules\jest-runtime\build\index.js:898:12)
    at Runtime.requireModule (C:\Users\seosal\source\repos\Koralium\new\Koralium\typescript-client\rowlevelsecurity\node_modules\jest-runtime\build\index.js:746:10)
    at jasmine2 (C:\Users\seosal\source\repos\Koralium\new\Koralium\typescript-client\rowlevelsecurity\node_modules\jest-jasmine2\build\index.js:230:13)
    at runTestInternal (C:\Users\seosal\source\repos\Koralium\new\Koralium\typescript-client\rowlevelsecurity\node_modules\jest-runner\build\runTest.js:380:22)
    at processTicksAndRejections (internal/process/task_queues.js:93:5)
    at runTest (C:\Users\seosal\source\repos\Koralium\new\Koralium\typescript-client\rowlevelsecurity\node_modules\jest-runner\build\runTest.js:472:34)]]></failure>
    </testCase>
    <testCase name="Test multiple dimensions from same cube" duration="1577">
      <failure message="Error: Failed: &quot;14 UNAVAILABLE: failed to connect to all addresses&quot;"><![CDATA[Error: Failed: "14 UNAVAILABLE: failed to connect to all addresses"
    at Env.it (C:\Users\seosal\source\repos\Koralium\new\Koralium\typescript-client\rowlevelsecurity\node_modules\jest-jasmine2\build\jasmineAsyncInstall.js:95:24)
    at it (C:\Users\seosal\source\repos\Koralium\new\Koralium\typescript-client\rowlevelsecurity\node_modules\jest-jasmine2\build\jasmine\jasmineLight.js:100:21)
    at Object.<anonymous> (C:\Users\seosal\source\repos\Koralium\new\Koralium\typescript-client\rowlevelsecurity\tests\koraliumCubeJsQueryTransformer.test.ts:97:1)
    at Runtime._execModule (C:\Users\seosal\source\repos\Koralium\new\Koralium\typescript-client\rowlevelsecurity\node_modules\jest-runtime\build\index.js:1299:24)
    at Runtime._loadModule (C:\Users\seosal\source\repos\Koralium\new\Koralium\typescript-client\rowlevelsecurity\node_modules\jest-runtime\build\index.js:898:12)
    at Runtime.requireModule (C:\Users\seosal\source\repos\Koralium\new\Koralium\typescript-client\rowlevelsecurity\node_modules\jest-runtime\build\index.js:746:10)
    at jasmine2 (C:\Users\seosal\source\repos\Koralium\new\Koralium\typescript-client\rowlevelsecurity\node_modules\jest-jasmine2\build\index.js:230:13)
    at runTestInternal (C:\Users\seosal\source\repos\Koralium\new\Koralium\typescript-client\rowlevelsecurity\node_modules\jest-runner\build\runTest.js:380:22)
    at processTicksAndRejections (internal/process/task_queues.js:93:5)
    at runTest (C:\Users\seosal\source\repos\Koralium\new\Koralium\typescript-client\rowlevelsecurity\node_modules\jest-runner\build\runTest.js:472:34)]]></failure>
    </testCase>
  </file>
</testExecutions>